2024-03-15T17:27:45.339+09:00  INFO 676 --- [ch08] [restartedMain] kr.co.ch08.Ch08Application               : Starting Ch08Application using Java 17.0.9 with PID 676 (C:\Users\java\Desktop\Workspace\Spring\ch08\build\classes\java\main started by java in C:\Users\java\Desktop\Workspace\Spring\ch08)
2024-03-15T17:27:45.343+09:00  INFO 676 --- [ch08] [restartedMain] kr.co.ch08.Ch08Application               : No active profile set, falling back to 1 default profile: "default"
2024-03-15T17:27:45.368+09:00  INFO 676 --- [ch08] [restartedMain] .e.DevToolsPropertyDefaultsPostProcessor : Devtools property defaults active! Set 'spring.devtools.add-properties' to 'false' to disable
2024-03-15T17:27:45.368+09:00  INFO 676 --- [ch08] [restartedMain] .e.DevToolsPropertyDefaultsPostProcessor : For additional web related logging consider setting the 'logging.level.web' property to 'DEBUG'
2024-03-15T17:27:45.696+09:00  INFO 676 --- [ch08] [restartedMain] .s.d.r.c.RepositoryConfigurationDelegate : Bootstrapping Spring Data JPA repositories in DEFAULT mode.
2024-03-15T17:27:45.719+09:00  INFO 676 --- [ch08] [restartedMain] .s.d.r.c.RepositoryConfigurationDelegate : Finished Spring Data repository scanning in 18 ms. Found 1 JPA repository interface.
2024-03-15T17:27:45.780+09:00  WARN 676 --- [ch08] [restartedMain] o.m.s.mapper.ClassPathMapperScanner      : No MyBatis mapper was found in '[kr.co.ch08]' package. Please check your configuration.
2024-03-15T17:27:46.003+09:00  INFO 676 --- [ch08] [restartedMain] o.s.b.w.embedded.tomcat.TomcatWebServer  : Tomcat initialized with port 8080 (http)
2024-03-15T17:27:46.009+09:00  INFO 676 --- [ch08] [restartedMain] o.apache.catalina.core.StandardService   : Starting service [Tomcat]
2024-03-15T17:27:46.009+09:00  INFO 676 --- [ch08] [restartedMain] o.apache.catalina.core.StandardEngine    : Starting Servlet engine: [Apache Tomcat/10.1.19]
2024-03-15T17:27:46.035+09:00  INFO 676 --- [ch08] [restartedMain] o.a.c.c.C.[Tomcat].[localhost].[/ch08]   : Initializing Spring embedded WebApplicationContext
2024-03-15T17:27:46.035+09:00  INFO 676 --- [ch08] [restartedMain] w.s.c.ServletWebServerApplicationContext : Root WebApplicationContext: initialization completed in 666 ms
2024-03-15T17:27:46.123+09:00  INFO 676 --- [ch08] [restartedMain] o.hibernate.jpa.internal.util.LogHelper  : HHH000204: Processing PersistenceUnitInfo [name: default]
2024-03-15T17:27:46.149+09:00  INFO 676 --- [ch08] [restartedMain] org.hibernate.Version                    : HHH000412: Hibernate ORM core version 6.4.4.Final
2024-03-15T17:27:46.166+09:00  INFO 676 --- [ch08] [restartedMain] o.h.c.internal.RegionFactoryInitiator    : HHH000026: Second-level cache disabled
2024-03-15T17:27:46.290+09:00  INFO 676 --- [ch08] [restartedMain] o.s.o.j.p.SpringPersistenceUnitInfo      : No LoadTimeWeaver setup: ignoring JPA class transformer
2024-03-15T17:27:46.308+09:00  INFO 676 --- [ch08] [restartedMain] com.zaxxer.hikari.HikariDataSource       : HikariPool-1 - Starting...
2024-03-15T17:27:46.443+09:00  INFO 676 --- [ch08] [restartedMain] com.zaxxer.hikari.pool.HikariPool        : HikariPool-1 - Added connection com.mysql.cj.jdbc.ConnectionImpl@7ac621de
2024-03-15T17:27:46.444+09:00  INFO 676 --- [ch08] [restartedMain] com.zaxxer.hikari.HikariDataSource       : HikariPool-1 - Start completed.
2024-03-15T17:27:46.470+09:00  WARN 676 --- [ch08] [restartedMain] org.hibernate.orm.deprecation            : HHH90000025: MySQLDialect does not need to be specified explicitly using 'hibernate.dialect' (remove the property setting and it will be selected by default)
2024-03-15T17:27:46.889+09:00  INFO 676 --- [ch08] [restartedMain] o.h.e.t.j.p.i.JtaPlatformInitiator       : HHH000489: No JTA platform available (set 'hibernate.transaction.jta.platform' to enable JTA platform integration)
2024-03-15T17:27:46.917+09:00  INFO 676 --- [ch08] [restartedMain] j.LocalContainerEntityManagerFactoryBean : Initialized JPA EntityManagerFactory for persistence unit 'default'
2024-03-15T17:27:47.036+09:00  WARN 676 --- [ch08] [restartedMain] JpaBaseConfiguration$JpaWebConfiguration : spring.jpa.open-in-view is enabled by default. Therefore, database queries may be performed during view rendering. Explicitly configure spring.jpa.open-in-view to disable this warning
2024-03-15T17:27:47.090+09:00  INFO 676 --- [ch08] [restartedMain] o.s.b.a.w.s.WelcomePageHandlerMapping    : Adding welcome page template: index
2024-03-15T17:27:47.176+09:00  INFO 676 --- [ch08] [restartedMain] o.s.s.web.DefaultSecurityFilterChain     : Will secure any request with [org.springframework.security.web.session.DisableEncodeUrlFilter@6138cd81, org.springframework.security.web.context.request.async.WebAsyncManagerIntegrationFilter@2ab73007, org.springframework.security.web.context.SecurityContextHolderFilter@3aa96b6f, org.springframework.security.web.header.HeaderWriterFilter@1cd57f72, org.springframework.web.filter.CorsFilter@6c3a54e1, org.springframework.security.web.authentication.logout.LogoutFilter@d1d3795, org.springframework.security.web.authentication.UsernamePasswordAuthenticationFilter@79d9295e, org.springframework.security.web.savedrequest.RequestCacheAwareFilter@75c8e633, org.springframework.security.web.servletapi.SecurityContextHolderAwareRequestFilter@53111648, org.springframework.security.web.authentication.AnonymousAuthenticationFilter@17a12b4f, org.springframework.security.web.access.ExceptionTranslationFilter@669193a2, org.springframework.security.web.access.intercept.AuthorizationFilter@2f6c8504]
2024-03-15T17:27:47.330+09:00  INFO 676 --- [ch08] [restartedMain] o.s.b.d.a.OptionalLiveReloadServer       : LiveReload server is running on port 35729
2024-03-15T17:27:47.348+09:00  INFO 676 --- [ch08] [restartedMain] o.s.b.w.embedded.tomcat.TomcatWebServer  : Tomcat started on port 8080 (http) with context path '/ch08'
2024-03-15T17:27:47.352+09:00  INFO 676 --- [ch08] [restartedMain] kr.co.ch08.Ch08Application               : Started Ch08Application in 2.201 seconds (process running for 2.464)
2024-03-15T17:27:50.269+09:00  INFO 676 --- [ch08] [http-nio-8080-exec-1] o.a.c.c.C.[Tomcat].[localhost].[/ch08]   : Initializing Spring DispatcherServlet 'dispatcherServlet'
2024-03-15T17:27:50.269+09:00  INFO 676 --- [ch08] [http-nio-8080-exec-1] o.s.web.servlet.DispatcherServlet        : Initializing Servlet 'dispatcherServlet'
2024-03-15T17:27:50.269+09:00  INFO 676 --- [ch08] [http-nio-8080-exec-1] o.s.web.servlet.DispatcherServlet        : Completed initialization in 0 ms
2024-03-15T17:27:56.830+09:00  INFO 676 --- [ch08] [SpringApplicationShutdownHook] j.LocalContainerEntityManagerFactoryBean : Closing JPA EntityManagerFactory for persistence unit 'default'
2024-03-15T17:27:56.832+09:00  INFO 676 --- [ch08] [SpringApplicationShutdownHook] com.zaxxer.hikari.HikariDataSource       : HikariPool-1 - Shutdown initiated...
2024-03-15T17:27:56.837+09:00  INFO 676 --- [ch08] [SpringApplicationShutdownHook] com.zaxxer.hikari.HikariDataSource       : HikariPool-1 - Shutdown completed.
